{
  "RSpec": {
    "coverage": {
      "/Users/sindhukrishnamurthy/Documents/Columbia University/Senior Year/bulletinboard/app/helpers/application_helper.rb": {
        "lines": [
          1,
          null
        ]
      },
      "/Users/sindhukrishnamurthy/Documents/Columbia University/Senior Year/bulletinboard/app/controllers/events_controller.rb": {
        "lines": [
          1,
          null,
          1,
          1,
          1,
          null,
          null,
          null,
          1,
          1,
          1,
          null,
          null,
          null,
          1,
          1,
          null,
          null,
          1,
          1,
          null,
          null,
          1,
          null,
          null,
          null,
          null,
          null,
          null,
          null,
          null,
          null,
          1,
          1,
          1,
          1,
          1,
          null,
          null,
          1,
          1,
          null,
          null,
          1,
          1,
          1,
          1,
          1,
          null,
          null,
          1,
          1,
          1,
          1,
          1,
          1,
          null,
          null,
          1,
          null,
          null,
          1,
          2,
          null,
          null
        ]
      },
      "/Users/sindhukrishnamurthy/Documents/Columbia University/Senior Year/bulletinboard/app/controllers/application_controller.rb": {
        "lines": [
          1,
          null,
          null,
          1,
          null
        ]
      },
      "/Users/sindhukrishnamurthy/Documents/Columbia University/Senior Year/bulletinboard/app/models/event.rb": {
        "lines": [
          1,
          1,
          1,
          null
        ]
      },
      "/Users/sindhukrishnamurthy/Documents/Columbia University/Senior Year/bulletinboard/app/models/organizer.rb": {
        "lines": [
          1,
          1,
          null
        ]
      },
      "/Users/sindhukrishnamurthy/Documents/Columbia University/Senior Year/bulletinboard/app/controllers/organizers_controller.rb": {
        "lines": [
          1,
          1,
          1,
          1,
          1,
          1,
          null,
          null,
          1,
          1,
          1,
          null,
          null,
          1,
          3,
          3,
          1,
          1,
          2,
          1,
          1,
          null,
          1,
          1,
          1,
          null,
          null,
          null,
          null,
          1,
          null,
          null,
          1,
          1,
          null,
          null,
          null
        ]
      },
      "/Users/sindhukrishnamurthy/Documents/Columbia University/Senior Year/bulletinboard/app/controllers/pages_controller.rb": {
        "lines": [
          1,
          1,
          1,
          1,
          null,
          null,
          null
        ]
      },
      "/Users/sindhukrishnamurthy/Documents/Columbia University/Senior Year/bulletinboard/app/controllers/students_controller.rb": {
        "lines": [
          1,
          null,
          1,
          1,
          1,
          1,
          1,
          null,
          null,
          1,
          3,
          3,
          1,
          1,
          2,
          1,
          1,
          null,
          1,
          1,
          1,
          null,
          null,
          null,
          1,
          2,
          2,
          2,
          1,
          1,
          1,
          null,
          1,
          1,
          null,
          null,
          1,
          1,
          1,
          1,
          1,
          null,
          null,
          1,
          1,
          1,
          null,
          null,
          null,
          1,
          null,
          null,
          1,
          1,
          null,
          null,
          null
        ]
      },
      "/Users/sindhukrishnamurthy/Documents/Columbia University/Senior Year/bulletinboard/app/models/student.rb": {
        "lines": [
          1,
          1,
          null
        ]
      }
    },
    "timestamp": 1668126472
  },
  "Cucumber Features": {
    "coverage": {
      "/Users/dhc/bulletinboard/app/models/organizer.rb": {
        "lines": [
          1,
          1,
          null
        ]
      },
      "/Users/dhc/bulletinboard/app/models/student.rb": {
        "lines": [
          1,
          1,
          1,
          null,
          1,
          17,
          17,
          17,
          17,
          17,
          17,
          17,
          17,
          17,
          17,
          17,
          17,
          17,
          17,
          17,
          17,
          null,
          null,
          1,
          7,
          null,
          null
        ]
      },
      "/Users/dhc/bulletinboard/app/controllers/pages_controller.rb": {
        "lines": [
          1,
          1,
          17,
          17,
          null,
          null,
          null
        ]
      },
      "/Users/dhc/bulletinboard/app/controllers/application_controller.rb": {
        "lines": [
          1,
          null,
          null,
          1,
          null
        ]
      },
      "/Users/dhc/bulletinboard/app/helpers/application_helper.rb": {
        "lines": [
          1,
          null
        ]
      },
      "/Users/dhc/bulletinboard/app/controllers/organizers_controller.rb": {
        "lines": [
          1,
          1,
          0,
          0,
          0,
          0,
          0,
          0,
          0,
          null,
          0,
          0,
          0,
          0,
          null,
          null,
          null,
          1,
          0,
          0,
          null,
          null,
          1,
          5,
          5,
          0,
          0,
          5,
          1,
          1,
          null,
          4,
          4,
          4,
          null,
          null,
          null,
          null,
          1,
          null,
          null,
          1,
          0,
          null,
          null,
          null
        ]
      },
      "/Users/dhc/bulletinboard/app/controllers/events_controller.rb": {
        "lines": [
          1,
          null,
          1,
          2,
          2,
          null,
          null,
          null,
          1,
          2,
          2,
          null,
          null,
          null,
          1,
          17,
          17,
          17,
          17,
          17,
          17,
          17,
          null,
          17,
          17,
          null,
          null,
          1,
          51,
          null,
          1,
          131,
          null,
          1,
          34,
          null,
          null,
          1,
          11,
          null,
          null,
          1,
          null,
          2,
          2,
          null,
          null,
          1,
          0,
          0,
          0,
          0,
          0,
          null,
          null,
          0,
          0,
          0,
          0,
          0,
          0,
          null,
          null,
          1,
          0,
          0,
          0,
          0,
          0,
          0,
          null,
          null,
          1,
          0,
          0,
          0,
          0,
          0,
          null,
          null,
          0,
          0,
          0,
          0,
          0,
          0,
          null,
          null,
          1,
          1,
          1,
          1,
          1,
          1,
          null,
          null,
          null,
          null,
          1,
          null,
          null,
          1,
          0,
          null,
          null,
          1,
          0,
          0,
          0,
          0,
          0,
          0,
          0,
          0,
          0,
          0,
          0,
          0,
          null,
          null,
          0,
          0,
          null,
          null,
          null,
          null,
          null,
          0,
          0,
          0,
          0,
          0,
          0,
          0,
          0,
          0,
          0,
          0,
          0,
          0,
          0,
          0,
          null,
          null,
          null,
          0,
          null,
          null,
          1,
          0,
          null,
          null,
          1,
          0,
          null,
          null,
          null
        ]
      },
      "/Users/dhc/bulletinboard/app/models/event.rb": {
        "lines": [
          1,
          1,
          1,
          null,
          1,
          40,
          null,
          1,
          17,
          null,
          null
        ]
      },
      "/Users/dhc/bulletinboard/app/controllers/students_controller.rb": {
        "lines": [
          1,
          null,
          1,
          0,
          0,
          0,
          0,
          0,
          0,
          0,
          null,
          0,
          0,
          0,
          0,
          null,
          null,
          null,
          1,
          9,
          9,
          1,
          1,
          8,
          1,
          1,
          null,
          7,
          7,
          7,
          null,
          null,
          null,
          1,
          2,
          2,
          2,
          1,
          1,
          1,
          null,
          1,
          1,
          null,
          null,
          1,
          1,
          1,
          1,
          1,
          null,
          null,
          1,
          4,
          4,
          null,
          null,
          1,
          7,
          7,
          7,
          null,
          null,
          1,
          4,
          4,
          null,
          null,
          1,
          13,
          13,
          null,
          null,
          1,
          7,
          7,
          7,
          7,
          7,
          7,
          7,
          1,
          6,
          1,
          5,
          1,
          4,
          1,
          3,
          1,
          2,
          1,
          null,
          1,
          null,
          7,
          7,
          7,
          null,
          7,
          7,
          null,
          null,
          1,
          0,
          0,
          0,
          0,
          null,
          1,
          1,
          1,
          1,
          1,
          1,
          2,
          null,
          null,
          1,
          1,
          1,
          null,
          null,
          null,
          1,
          null,
          null,
          1,
          0,
          null,
          null,
          1,
          35,
          null,
          null,
          null
        ]
      },
      "/Users/dhc/bulletinboard/app/models/timeblock.rb": {
        "lines": [
          1,
          1,
          null
        ]
      }
    },
    "timestamp": 1668544042
  }
}
