{
  "Cucumber Features": {
    "coverage": {
      "/Users/sindhukrishnamurthy/Documents/Columbia University/Senior Year/bulletinboard/app/models/organizer.rb": {
        "lines": [
          1,
          1,
          null
        ]
      },
      "/Users/sindhukrishnamurthy/Documents/Columbia University/Senior Year/bulletinboard/app/models/student.rb": {
        "lines": [
          1,
          1,
          1,
          null,
          1,
          225,
          225,
          225,
          225,
          225,
          225,
          225,
          225,
          225,
          225,
          225,
          225,
          225,
          225,
          225,
          225,
          null,
          null,
          1,
          5,
          null,
          null
        ]
      },
      "/Users/sindhukrishnamurthy/Documents/Columbia University/Senior Year/bulletinboard/app/controllers/pages_controller.rb": {
        "lines": [
          1,
          1,
          11,
          11,
          null,
          null,
          null
        ]
      },
      "/Users/sindhukrishnamurthy/Documents/Columbia University/Senior Year/bulletinboard/app/controllers/application_controller.rb": {
        "lines": [
          1,
          null,
          null,
          1,
          null
        ]
      },
      "/Users/sindhukrishnamurthy/Documents/Columbia University/Senior Year/bulletinboard/app/helpers/application_helper.rb": {
        "lines": [
          1,
          null
        ]
      },
      "/Users/sindhukrishnamurthy/Documents/Columbia University/Senior Year/bulletinboard/app/controllers/organizers_controller.rb": {
        "lines": [
          1,
          1,
          3,
          3,
          1,
          1,
          2,
          1,
          1,
          1,
          0,
          0,
          null,
          1,
          1,
          1,
          1,
          null,
          null,
          null,
          1,
          1,
          1,
          null,
          null,
          1,
          11,
          11,
          1,
          1,
          10,
          2,
          2,
          null,
          8,
          8,
          8,
          null,
          null,
          null,
          null,
          1,
          null,
          null,
          null,
          1,
          1,
          null,
          null,
          null
        ]
      },
      "/Users/sindhukrishnamurthy/Documents/Columbia University/Senior Year/bulletinboard/app/controllers/events_controller.rb": {
        "lines": [
          1,
          null,
          1,
          4,
          4,
          null,
          null,
          null,
          1,
          2,
          2,
          null,
          null,
          null,
          1,
          16,
          16,
          16,
          16,
          16,
          16,
          16,
          null,
          0,
          0,
          0,
          0,
          0,
          0,
          0,
          0,
          0,
          0,
          null,
          null,
          0,
          0,
          null,
          null,
          null,
          16,
          16,
          null,
          16,
          16,
          null,
          null,
          1,
          64,
          null,
          1,
          171,
          null,
          1,
          32,
          null,
          null,
          1,
          22,
          null,
          null,
          1,
          null,
          5,
          5,
          null,
          null,
          1,
          2,
          1,
          1,
          null,
          1,
          1,
          1,
          1,
          1,
          null,
          null,
          1,
          1,
          1,
          1,
          1,
          1,
          null,
          null,
          null,
          1,
          4,
          4,
          4,
          4,
          4,
          4,
          null,
          null,
          1,
          2,
          1,
          1,
          null,
          1,
          1,
          1,
          1,
          1,
          null,
          null,
          1,
          1,
          1,
          1,
          1,
          1,
          null,
          null,
          null,
          1,
          1,
          1,
          1,
          1,
          1,
          null,
          null,
          null,
          null,
          1,
          null,
          null,
          1,
          2,
          null,
          null,
          1,
          4,
          4,
          4,
          2,
          14,
          210,
          210,
          15,
          15,
          15,
          2,
          2,
          null,
          null,
          210,
          208,
          null,
          null,
          null,
          null,
          null,
          4,
          4,
          28,
          420,
          4,
          4,
          4,
          416,
          5,
          5,
          5,
          411,
          5,
          5,
          5,
          null,
          null,
          null,
          4,
          null,
          null,
          1,
          14,
          null,
          null,
          1,
          0,
          null,
          null,
          1,
          15,
          null,
          null,
          null
        ]
      },
      "/Users/sindhukrishnamurthy/Documents/Columbia University/Senior Year/bulletinboard/app/models/event.rb": {
        "lines": [
          1,
          1,
          1,
          null,
          1,
          53,
          null,
          1,
          16,
          null,
          null
        ]
      },
      "/Users/sindhukrishnamurthy/Documents/Columbia University/Senior Year/bulletinboard/app/models/timeblock.rb": {
        "lines": [
          1,
          1,
          null
        ]
      },
      "/Users/sindhukrishnamurthy/Documents/Columbia University/Senior Year/bulletinboard/app/controllers/students_controller.rb": {
        "lines": [
          1,
          null,
          1,
          3,
          3,
          1,
          1,
          2,
          1,
          1,
          1,
          0,
          0,
          null,
          1,
          1,
          1,
          1,
          null,
          null,
          null,
          1,
          9,
          9,
          1,
          1,
          8,
          2,
          2,
          null,
          6,
          6,
          6,
          null,
          null,
          null,
          1,
          2,
          2,
          2,
          1,
          1,
          1,
          null,
          1,
          1,
          null,
          null,
          1,
          1,
          1,
          1,
          1,
          null,
          null,
          1,
          4,
          4,
          null,
          null,
          1,
          5,
          5,
          5,
          null,
          null,
          1,
          2,
          2,
          null,
          null,
          1,
          11,
          11,
          null,
          null,
          1,
          7,
          7,
          7,
          7,
          7,
          7,
          7,
          1,
          6,
          1,
          5,
          1,
          4,
          1,
          3,
          1,
          2,
          1,
          null,
          1,
          null,
          7,
          7,
          7,
          0,
          null,
          7,
          null,
          7,
          null,
          7,
          null,
          null,
          1,
          1,
          1,
          1,
          1,
          null,
          1,
          1,
          1,
          1,
          1,
          1,
          2,
          null,
          null,
          1,
          1,
          1,
          null,
          null,
          null,
          1,
          null,
          null,
          1,
          1,
          null,
          null,
          1,
          35,
          null,
          null,
          null
        ]
      }
    },
    "timestamp": 1671238343
  },
  "RSpec": {
    "coverage": {
      "/Users/sindhukrishnamurthy/Documents/Columbia University/Senior Year/bulletinboard/app/helpers/application_helper.rb": {
        "lines": [
          1,
          null
        ]
      },
      "/Users/sindhukrishnamurthy/Documents/Columbia University/Senior Year/bulletinboard/app/controllers/events_controller.rb": {
        "lines": [
          1,
          null,
          1,
          1,
          1,
          null,
          null,
          null,
          1,
          1,
          1,
          null,
          null,
          null,
          1,
          1,
          1,
          1,
          1,
          1,
          1,
          1,
          null,
          0,
          0,
          0,
          0,
          0,
          0,
          0,
          0,
          0,
          0,
          null,
          null,
          0,
          0,
          null,
          null,
          null,
          1,
          1,
          null,
          1,
          1,
          null,
          null,
          1,
          4,
          null,
          1,
          11,
          null,
          1,
          2,
          null,
          null,
          1,
          1,
          null,
          null,
          1,
          null,
          1,
          1,
          null,
          null,
          1,
          1,
          0,
          0,
          null,
          1,
          1,
          1,
          1,
          2,
          null,
          null,
          1,
          1,
          1,
          1,
          1,
          1,
          null,
          null,
          null,
          1,
          1,
          1,
          1,
          1,
          1,
          1,
          null,
          null,
          1,
          1,
          0,
          0,
          null,
          0,
          0,
          0,
          0,
          0,
          null,
          null,
          0,
          0,
          0,
          0,
          0,
          0,
          null,
          null,
          null,
          1,
          1,
          1,
          1,
          1,
          1,
          null,
          null,
          null,
          null,
          1,
          null,
          null,
          1,
          1,
          null,
          null,
          1,
          2,
          2,
          2,
          2,
          14,
          210,
          210,
          30,
          30,
          30,
          6,
          6,
          null,
          null,
          210,
          204,
          null,
          null,
          null,
          null,
          null,
          2,
          2,
          14,
          210,
          2,
          2,
          2,
          208,
          2,
          2,
          2,
          206,
          3,
          3,
          3,
          null,
          null,
          null,
          2,
          null,
          null,
          1,
          7,
          null,
          null,
          1,
          0,
          null,
          null,
          1,
          31,
          null,
          null,
          null
        ]
      },
      "/Users/sindhukrishnamurthy/Documents/Columbia University/Senior Year/bulletinboard/app/controllers/application_controller.rb": {
        "lines": [
          1,
          null,
          null,
          1,
          null
        ]
      },
      "/Users/sindhukrishnamurthy/Documents/Columbia University/Senior Year/bulletinboard/app/models/event.rb": {
        "lines": [
          1,
          1,
          1,
          null,
          1,
          7,
          null,
          1,
          2,
          null,
          null
        ]
      },
      "/Users/sindhukrishnamurthy/Documents/Columbia University/Senior Year/bulletinboard/app/models/organizer.rb": {
        "lines": [
          1,
          1,
          null
        ]
      },
      "/Users/sindhukrishnamurthy/Documents/Columbia University/Senior Year/bulletinboard/app/models/student.rb": {
        "lines": [
          1,
          1,
          1,
          null,
          1,
          214,
          214,
          214,
          214,
          214,
          214,
          214,
          214,
          214,
          214,
          214,
          214,
          214,
          214,
          214,
          214,
          null,
          null,
          1,
          1,
          null,
          null
        ]
      },
      "/Users/sindhukrishnamurthy/Documents/Columbia University/Senior Year/bulletinboard/app/models/timeblock.rb": {
        "lines": [
          1,
          1,
          null
        ]
      },
      "/Users/sindhukrishnamurthy/Documents/Columbia University/Senior Year/bulletinboard/app/controllers/organizers_controller.rb": {
        "lines": [
          1,
          1,
          3,
          3,
          1,
          1,
          2,
          1,
          1,
          1,
          0,
          0,
          null,
          1,
          1,
          1,
          1,
          null,
          null,
          null,
          1,
          1,
          1,
          null,
          null,
          1,
          3,
          3,
          1,
          1,
          2,
          1,
          1,
          null,
          1,
          1,
          1,
          null,
          null,
          null,
          null,
          1,
          null,
          null,
          null,
          1,
          1,
          null,
          null,
          null
        ]
      },
      "/Users/sindhukrishnamurthy/Documents/Columbia University/Senior Year/bulletinboard/app/controllers/pages_controller.rb": {
        "lines": [
          1,
          1,
          1,
          1,
          null,
          null,
          null
        ]
      },
      "/Users/sindhukrishnamurthy/Documents/Columbia University/Senior Year/bulletinboard/app/controllers/students_controller.rb": {
        "lines": [
          1,
          null,
          1,
          2,
          2,
          1,
          1,
          1,
          0,
          0,
          1,
          1,
          1,
          null,
          0,
          0,
          0,
          0,
          null,
          null,
          null,
          1,
          3,
          3,
          1,
          1,
          2,
          1,
          1,
          null,
          1,
          1,
          1,
          null,
          null,
          null,
          1,
          2,
          2,
          2,
          1,
          1,
          1,
          null,
          1,
          1,
          null,
          null,
          1,
          1,
          1,
          1,
          1,
          null,
          null,
          1,
          1,
          1,
          null,
          null,
          1,
          1,
          1,
          1,
          null,
          null,
          1,
          1,
          1,
          null,
          null,
          1,
          1,
          1,
          null,
          null,
          1,
          1,
          1,
          1,
          1,
          1,
          1,
          1,
          1,
          0,
          0,
          0,
          0,
          0,
          0,
          0,
          0,
          0,
          0,
          null,
          0,
          null,
          1,
          1,
          1,
          1,
          null,
          0,
          null,
          0,
          null,
          1,
          null,
          null,
          1,
          1,
          1,
          1,
          1,
          null,
          1,
          2,
          2,
          2,
          2,
          2,
          4,
          null,
          null,
          2,
          2,
          2,
          null,
          null,
          null,
          1,
          null,
          null,
          1,
          0,
          null,
          null,
          1,
          5,
          null,
          null,
          null
        ]
      }
    },
    "timestamp": 1671141852
  }
}
